<?xml version="1.0" encoding="UTF-8"?>
<!-- Generated by org.testng.reporters.JUnitReportReporter -->
<testsuite skipped="0" hostname="DESKTOP-Q5OOFLM" name="com.inetbankingtestcases.TC_LoginDDT_002" tests="4" failures="0" timestamp="2022-04-28T22:02:10 IST" time="12.060" errors="0">
  <testcase name="loginDDT" time="1.653" classname="com.inetbankingtestcases.TC_LoginDDT_002"/>
  <system-out/>
  <testcase name="loginDDT" time="6.173" classname="com.inetbankingtestcases.TC_LoginDDT_002"/>
  <system-out/>
  <testcase name="loginDDT" time="2.731" classname="com.inetbankingtestcases.TC_LoginDDT_002"/>
  <system-out/>
  <testcase name="loginDDT" time="1.503" classname="com.inetbankingtestcases.TC_LoginDDT_002"/>
  <system-out/>
</testsuite> <!-- com.inetbankingtestcases.TC_LoginDDT_002 -->
